Arguments:
  C:\Program Files\nodejs\node.exe C:\Users\Minsati\AppData\Roaming\npm\node_modules\yarn\bin\yarn.js stylelint **/*.scss

PATH:
  C:\Program Files\WindowsApps\Microsoft.PowerShell_7.2.5.0_x64__8wekyb3d8bbwe;C:\Program Files\Python39\Scripts\;C:\Program Files\Python39\;C:\Program Files (x86)\VMware\VMware Workstation\bin\;C:\windows\system32;C:\windows;C:\windows\System32\Wbem;C:\windows\System32\WindowsPowerShell\v1.0\;C:\windows\System32\OpenSSH\;C:\Windows\system32;C:\Windows;C:\Windows\System32\Wbem;C:\Windows\System32\WindowsPowerShell\v1.0\;C:\Windows\System32\OpenSSH\;C:\Program Files\Git\cmd;C:\Program Files\GitHub CLI\;C:\Program Files\nodejs\;C:\Program Files\Microsoft SQL Server\150\Tools\Binn\;C:\Program Files\Microsoft SQL Server\Client SDK\ODBC\170\Tools\Binn\;C:\Program Files\dotnet\;C:\Program Files (x86)\NVIDIA Corporation\PhysX\Common;C:\Program Files (x86)\Microsoft SQL Server\150\Tools\Binn\;C:\Program Files (x86)\Microsoft SQL Server\150\DTS\Binn\;C:\Program Files\Microsoft SQL Server\150\DTS\Binn\;C:\Program Files\Azure Data Studio\bin;C:\Program Files\wkhtmltopdf\bin\wkhtmltopdf.exe;C:\Program Files\wkhtmltopdf\bin;C:\Program Files\gettext-iconv\bin;C:\Program Files\Docker\Docker\resources\bin;C:\ProgramData\DockerDesktop\version-bin;C:\Program Files\NVIDIA Corporation\NVIDIA NvDLISR;C:\ProgramData\chocolatey\bin;C:\Program Files\Neovim\/bin;C:\Program Files\MySQL\MySQL Shell 8.0\bin\;C:\Users\Minsati\AppData\Local\Microsoft\WindowsApps;C:\Users\Minsati\AppData\Local\Programs\Microsoft VS Code\bin;C:\Users\Minsati\AppData\Local\GitHubDesktop\bin;C:\Users\Minsati\AppData\Local\Programs\oh-my-posh\bin;C:\Users\Minsati\AppData\Local\Programs\oh-my-posh\themes;C:\Users\Minsati\AppData\Roaming\npm;C:\Users\Minsati\.dotnet\tools;C:\Program Files\JetBrains\DataGrip 2021.3.4\bin;C:\Program Files\JetBrains\PyCharm 2021.3.3\bin;C:\Users\Minsati\AppData\Local\gitkraken\bin;C:\Users\Minsati\AppData\Local\.meteor\;C:\ProgramData\chocolatey\lib\mingw\tools\install\mingw64\bin

Yarn version:
  1.22.17

Node version:
  17.5.0

Platform:
  win32 x64

Trace:
  SyntaxError: C:\Github\Microverse\Hello Microverse Project\hello-microverse\package.json: Unexpected string in JSON at position 102
      at JSON.parse (<anonymous>)
      at C:\Users\Minsati\AppData\Roaming\npm\node_modules\yarn\lib\cli.js:1625:59
      at Generator.next (<anonymous>)
      at step (C:\Users\Minsati\AppData\Roaming\npm\node_modules\yarn\lib\cli.js:310:30)
      at C:\Users\Minsati\AppData\Roaming\npm\node_modules\yarn\lib\cli.js:321:13

npm manifest:
  {
    "devDependencies": {
      "stylelint": "^14.9.1",
      "stylelint-config-standard": "^26.0.0"
    }
    "stylelint": {
      "extends": "stylelint-config-standard",
      "rules": {
          "indentation": 2
      }
  }
  }

yarn manifest:
  No manifest

Lockfile:
  No lockfile
